<?xml version="1.0" encoding="UTF-8"?>
<testng-results ignored="0" total="1" passed="1" failed="0" skipped="0">
  <reporter-output>
  </reporter-output>
  <suite started-at="2022-08-03T19:09:52 IST" name="Default suite" finished-at="2022-08-03T19:10:01 IST" duration-ms="9271">
    <groups>
    </groups>
    <test started-at="2022-08-03T19:09:52 IST" name="Default test" finished-at="2022-08-03T19:10:01 IST" duration-ms="9271">
      <class name="testClasses.TC02VerfyLogoutTestclass">
        <test-method signature="verifylogout()[pri:0, instance:testClasses.TC02VerfyLogoutTestclass@c33b74f]" started-at="2022-08-03T19:09:52 IST" name="verifylogout" finished-at="2022-08-03T19:10:01 IST" duration-ms="9176" status="PASS">
          <reporter-output>
          </reporter-output>
        </test-method> <!-- verifylogout -->
      </class> <!-- testClasses.TC02VerfyLogoutTestclass -->
    </test> <!-- Default test -->
  </suite> <!-- Default suite -->
</testng-results>
